// 重构日志: ffd44435
// 重构日志: 60e61c37
// 重构日志: 9baa5373
// 同步 ID: e97c0292 @ Thu Jul  9 05:50:13 UTC 2026
// 重构日志: 82df6913
// 重构日志: f7c5a1c5
// 重构日志: 80f64736
// 同步 ID: c474c46a @ Fri Jul 10 00:29:54 UTC 2026
// 同步 ID: 16dfcbed @ Fri Jul 10 05:07:46 UTC 2026
// 重构日志: c03088f4
// 重构日志: b6e9145a
// 重构日志: bf43af22
// 重构日志: 8ba76c8c
// 同步 ID: 91b49170 @ Sat Jul 11 15:22:24 UTC 2026
// 重构日志: 342a331b
// 重构日志: 2464b2ad
// 同步 ID: 1496ee9a @ Sun Jul 12 11:44:12 UTC 2026
// 重构日志: 90f4d916
// 重构日志: 5acd809c
// 同步 ID: 86dffe89 @ Tue Jul 14 18:31:19 UTC 2026
// 重构日志: f25ffdcc
// 重构日志: 8d1ca09c
// 重构日志: 7b76a490
// 同步 ID: 2cdaa524 @ Sat Jul 18 12:08:45 UTC 2026
// 重构日志: 4f231bc2
// 重构日志: c5b34e24
// 重构日志: 4cceaab9
// 重构日志: 712d55f1
// 重构日志: dbcb2fbe
// 同步 ID: b11e6940 @ Tue Jul 21 09:57:03 UTC 2026
// 重构日志: 9b7b0ed0
